<?xml version="1.0" encoding="UTF-8"?>
<testng-results ignored="0" total="1" passed="1" failed="0" skipped="0">
  <reporter-output>
  </reporter-output>
  <suite started-at="2023-03-07T20:16:01 EST" name="Default suite" finished-at="2023-03-07T20:16:07 EST" duration-ms="5610">
    <groups>
    </groups>
    <test started-at="2023-03-07T20:16:01 EST" name="Default test" finished-at="2023-03-07T20:16:07 EST" duration-ms="5610">
      <class name="Maven0307testing.mavenpractice1">
        <test-method signature="getdata()[pri:0, instance:Maven0307testing.mavenpractice1@429bffaa]" started-at="2023-03-07T20:16:01 EST" name="getdata" finished-at="2023-03-07T20:16:07 EST" duration-ms="5562" status="PASS">
          <reporter-output>
          </reporter-output>
        </test-method> <!-- getdata -->
      </class> <!-- Maven0307testing.mavenpractice1 -->
    </test> <!-- Default test -->
  </suite> <!-- Default suite -->
</testng-results>
